<?xml version="1.0" encoding="UTF-8"?>
<!-- Generated by org.testng.reporters.JUnitReportReporter -->
<testsuite skipped="0" hostname="DEVENDRAGUPTA" name="com.goibibo.Web.Goibibo_Desktop1.Bus_Vertical" tests="1" failures="0" timestamp="24 Jun 2019 09:21:57 GMT" time="94.440" errors="0">
  <testcase name="f" time="94.440" classname="com.goibibo.Web.Goibibo_Desktop1.Bus_Vertical"/>
</testsuite> <!-- com.goibibo.Web.Goibibo_Desktop1.Bus_Vertical -->
