<?xml version="1.0" encoding="UTF-8"?>
<!-- Generated by org.testng.reporters.JUnitReportReporter -->
<testsuite skipped="0" hostname="DEVENDRAGUPTA" name="com.goibibo.Web.Goibibo_Desktop1.Dom_Flight" tests="1" failures="0" timestamp="10 Sep 2019 10:03:05 GMT" time="96.387" errors="0">
  <testcase name="f" time="96.387" classname="com.goibibo.Web.Goibibo_Desktop1.Dom_Flight"/>
</testsuite> <!-- com.goibibo.Web.Goibibo_Desktop1.Dom_Flight -->
