<?xml version="1.0" encoding="UTF-8"?>
<!-- Generated by org.testng.reporters.JUnitReportReporter -->
<testsuite skipped="0" hostname="DEVENDRAGUPTA" name="com.goibibo.Web.Goibibo_Desktop1.International_Hotel" tests="1" failures="0" timestamp="10 Sep 2019 10:30:21 GMT" time="92.133" errors="0">
  <testcase name="f" time="92.133" classname="com.goibibo.Web.Goibibo_Desktop1.International_Hotel"/>
</testsuite> <!-- com.goibibo.Web.Goibibo_Desktop1.International_Hotel -->
