<?xml version="1.0" encoding="UTF-8"?>
<!-- Generated by org.testng.reporters.JUnitReportReporter -->
<testsuite skipped="0" hostname="DEVENDRAGUPTA" name="com.goibibo.WebApplication.DesktopFireFoxBrowsers.Car_Vertical" tests="1" failures="0" timestamp="12 Sep 2019 10:16:33 GMT" time="72.761" errors="0">
  <testcase name="f" time="72.761" classname="com.goibibo.WebApplication.DesktopFireFoxBrowsers.Car_Vertical"/>
</testsuite> <!-- com.goibibo.WebApplication.DesktopFireFoxBrowsers.Car_Vertical -->
