<?xml version="1.0" encoding="UTF-8"?>
<!-- Generated by org.testng.reporters.JUnitReportReporter -->
<testsuite skipped="0" hostname="DEVENDRAGUPTA" name="com.goibibo.Web.Goibibo_Desktop1.Car_Vertical" tests="1" failures="0" timestamp="10 Sep 2019 09:44:13 GMT" time="42.176" errors="0">
  <testcase name="f" time="42.176" classname="com.goibibo.Web.Goibibo_Desktop1.Car_Vertical"/>
</testsuite> <!-- com.goibibo.Web.Goibibo_Desktop1.Car_Vertical -->
