<?xml version="1.0" encoding="UTF-8"?>
<!-- Generated by org.testng.reporters.JUnitReportReporter -->
<testsuite skipped="0" hostname="DEVENDRAGUPTA" name="com.goibibo.Web.Goibibo_Desktop1.Dom_Hotel" tests="1" failures="0" timestamp="10 Sep 2019 10:05:16 GMT" time="114.750" errors="0">
  <testcase name="f" time="114.750" classname="com.goibibo.Web.Goibibo_Desktop1.Dom_Hotel"/>
</testsuite> <!-- com.goibibo.Web.Goibibo_Desktop1.Dom_Hotel -->
