<?xml version="1.0" encoding="UTF-8"?>
<!-- Generated by org.testng.reporters.JUnitReportReporter -->
<testsuite skipped="0" hostname="DEVENDRAGUPTA" name="com.goibibo.Web.Goibibo_Desktop1.International_Flight_OW" tests="1" failures="0" timestamp="10 Sep 2019 10:28:33 GMT" time="124.948" errors="0">
  <testcase name="f" time="124.948" classname="com.goibibo.Web.Goibibo_Desktop1.International_Flight_OW"/>
</testsuite> <!-- com.goibibo.Web.Goibibo_Desktop1.International_Flight_OW -->
