<?xml version="1.0" encoding="UTF-8"?>
<!-- Generated by org.testng.reporters.JUnitReportReporter -->
<testsuite skipped="0" hostname="DEVENDRAGUPTA" name="com.goibibo.WebApplication.DesktopFireFoxBrowsers.Sign_In" tests="1" failures="0" timestamp="03 Jul 2019 10:50:37 GMT" time="0.007" errors="0">
  <testcase name="f" time="0.007" classname="com.goibibo.WebApplication.DesktopFireFoxBrowsers.Sign_In"/>
</testsuite> <!-- com.goibibo.WebApplication.DesktopFireFoxBrowsers.Sign_In -->
