<?xml version="1.0" encoding="UTF-8"?>
<!-- Generated by org.testng.reporters.JUnitReportReporter -->
<testsuite skipped="0" hostname="DEVENDRAGUPTA" name="com.goibibo.Web.Goibibo_Desktop1.Train_Vertical" tests="1" failures="0" timestamp="10 Sep 2019 10:34:18 GMT" time="83.207" errors="0">
  <testcase name="f" time="83.207" classname="com.goibibo.Web.Goibibo_Desktop1.Train_Vertical"/>
</testsuite> <!-- com.goibibo.Web.Goibibo_Desktop1.Train_Vertical -->
